<?xml version="1.0" encoding="UTF-8" ?>
<testsuites disabled="0" errors="0" failures="0" tests="10" time="23.558">
 <testsuite name="Server" timestamp="2019-07-31T11:44:14" hostname="localhost" time="12.625" errors="0" tests="0" skipped="0" disabled="0" failures="0">
 </testsuite>
 <testsuite name="Server.Search by product name test suite" timestamp="2019-07-31T11:44:16" hostname="localhost" time="1.202" errors="0" tests="1" skipped="0" disabled="0" failures="0">
  <testcase classname="Server.Search by product name test suite" name="Search by product test 2" time="0.003" />
 </testsuite>
 <testsuite name="Server.login test suite " timestamp="2019-07-31T11:44:17" hostname="localhost" time="1.142" errors="0" tests="1" skipped="0" disabled="0" failures="0">
  <testcase classname="Server.login test suite " name="Status 200" time="0.002" />
 </testsuite>
 <testsuite name="Server.seller register test suite " timestamp="2019-07-31T11:44:18" hostname="localhost" time="1.137" errors="0" tests="1" skipped="0" disabled="0" failures="0">
  <testcase classname="Server.seller register test suite " name="seller registration" time="0.001" />
 </testsuite>
 <testsuite name="Server.user register test suite " timestamp="2019-07-31T11:44:19" hostname="localhost" time="1.039" errors="0" tests="1" skipped="0" disabled="0" failures="0">
  <testcase classname="Server.user register test suite " name="user registration" time="0" />
 </testsuite>
 <testsuite name="Server.Order history test suite" timestamp="2019-07-31T11:44:20" hostname="localhost" time="1.042" errors="0" tests="1" skipped="0" disabled="0" failures="0">
  <testcase classname="Server.Order history test suite" name="order history test 1" time="0.001" />
 </testsuite>
 <testsuite name="Server.Seller login test suite " timestamp="2019-07-31T11:44:21" hostname="localhost" time="1.043" errors="0" tests="1" skipped="0" disabled="0" failures="0">
  <testcase classname="Server.Seller login test suite " name="Seller login test case 1" time="0.001" />
 </testsuite>
 <testsuite name="Server.Product display on dashboard suite" timestamp="2019-07-31T11:44:22" hostname="localhost" time="1.037" errors="0" tests="1" skipped="0" disabled="0" failures="0">
  <testcase classname="Server.Product display on dashboard suite" name="Product display on dashboard test case 1" time="0.002" />
 </testsuite>
 <testsuite name="Server.Seller product test suite" timestamp="2019-07-31T11:44:23" hostname="localhost" time="1.034" errors="0" tests="1" skipped="0" disabled="0" failures="0">
  <testcase classname="Server.Seller product test suite" name="Seller product test 1" time="0" />
 </testsuite>
 <testsuite name="Server.Product display in cart test suite" timestamp="2019-07-31T11:44:24" hostname="localhost" time="1.114" errors="0" tests="1" skipped="0" disabled="0" failures="0">
  <testcase classname="Server.Product display in cart test suite" name="product display in cart test 1" time="0" />
 </testsuite>
 <testsuite name="Server.Search by product name test suite" timestamp="2019-07-31T11:44:25" hostname="localhost" time="1.143" errors="0" tests="1" skipped="0" disabled="0" failures="0">
  <testcase classname="Server.Search by product name test suite" name="Search by product test 1" time="0" />
 </testsuite>
</testsuites>